<?xml version="1.0" encoding="UTF-8"?>
<!-- Generated by org.testng.reporters.JUnitReportReporter -->
<testsuite skipped="0" hostname="LAPTOP-S9BHFJ1C" name="com.TestNG_DateandTime.Capture_AllRowsofFirstColumn" tests="1" failures="0" timestamp="27 Jul 2019 07:51:58 GMT" time="1.249" errors="0">
  <testcase name="CaptureAllRowsofFirstColumn" time="1.249" classname="com.TestNG_DateandTime.Capture_AllRowsofFirstColumn"/>
</testsuite> <!-- com.TestNG_DateandTime.Capture_AllRowsofFirstColumn -->
