<?xml version="1.0" encoding="UTF-8"?>
<!-- Generated by org.testng.reporters.JUnitReportReporter -->
<testsuite skipped="0" hostname="LAPTOP-S9BHFJ1C" name="com.TestNG_NewTours.MultipleData_NewTours" tests="1" failures="0" timestamp="30 Jul 2019 13:53:58 GMT" time="0.557" errors="0">
  <testcase name="MultipleData_Capture" time="0.557" classname="com.TestNG_NewTours.MultipleData_NewTours"/>
</testsuite> <!-- com.TestNG_NewTours.MultipleData_NewTours -->
