<?xml version="1.0" encoding="UTF-8"?>
<!-- Generated by org.testng.reporters.JUnitReportReporter -->
<testsuite skipped="0" hostname="LAPTOP-S9BHFJ1C" name="com.TestNG_DateandTime.DynamicChange_DateAndTime" tests="1" failures="0" timestamp="30 Jul 2019 13:13:16 GMT" time="21.154" errors="0">
  <testcase name="DynamicWebTable_DataCapture" time="21.154" classname="com.TestNG_DateandTime.DynamicChange_DateAndTime"/>
</testsuite> <!-- com.TestNG_DateandTime.DynamicChange_DateAndTime -->
