<?xml version="1.0" encoding="UTF-8"?>
<!-- Generated by org.testng.reporters.JUnitReportReporter -->
<testsuite skipped="0" hostname="LAPTOP-S9BHFJ1C" name="com.TestNG_NewTours.Registration_NewTours" tests="2" failures="0" timestamp="31 Jul 2019 09:18:42 GMT" time="90.344" errors="0">
  <testcase name="Register" time="3.039" classname="com.TestNG_NewTours.Registration_NewTours"/>
  <testcase name="UserRegistration" time="87.305" classname="com.TestNG_NewTours.Registration_NewTours"/>
</testsuite> <!-- com.TestNG_NewTours.Registration_NewTours -->
