<?xml version="1.0" encoding="UTF-8"?>
<!-- Generated by org.testng.reporters.JUnitReportReporter -->
<testsuite skipped="0" hostname="LAPTOP-S9BHFJ1C" name="com.TestNG1.Capturing_Data_FirstRowofFirstCloumn" tests="1" failures="0" timestamp="27 Jul 2019 07:19:34 GMT" time="0.119" errors="0">
  <testcase name="CaptureFirstRowofFirstColumnData" time="0.119" classname="com.TestNG1.Capturing_Data_FirstRowofFirstCloumn"/>
</testsuite> <!-- com.TestNG1.Capturing_Data_FirstRowofFirstCloumn -->
