<?xml version="1.0" encoding="UTF-8"?>
<!-- Generated by org.testng.reporters.JUnitReportReporter -->
<testsuite skipped="0" hostname="LAPTOP-S9BHFJ1C" name="com.TestNG_Test.OrangeHRM_TestNG" tests="1" failures="0" timestamp="29 Jul 2019 12:59:13 GMT" time="2.234" errors="0">
  <testcase name="LogIn" time="2.234" classname="com.TestNG_Test.OrangeHRM_TestNG"/>
</testsuite> <!-- com.TestNG_Test.OrangeHRM_TestNG -->
