<?xml version="1.0" encoding="UTF-8"?>
<!-- Generated by org.testng.reporters.JUnitReportReporter -->
<testsuite skipped="0" hostname="LAPTOP-S9BHFJ1C" name="com.OHRM.TestScripts.LogInTest" tests="1" failures="0" timestamp="05 Aug 2019 13:08:04 GMT" time="3.957" errors="0">
  <testcase name="LogIn" time="3.957" classname="com.OHRM.TestScripts.LogInTest"/>
</testsuite> <!-- com.OHRM.TestScripts.LogInTest -->
