<?xml version="1.0" encoding="UTF-8"?>
<!-- Generated by org.testng.reporters.JUnitReportReporter -->
<testsuite skipped="1" hostname="LAPTOP-S9BHFJ1C" name="com.TestNG_Test.TestNG_Test_Annotations" tests="4" failures="0" timestamp="26 Jul 2019 12:41:48 GMT" time="0.027" errors="0">
  <testcase name="BrowserLaunch" time="0.020" classname="com.TestNG_Test.TestNG_Test_Annotations"/>
  <testcase name="NavigateToGmailApplication" time="0.004" classname="com.TestNG_Test.TestNG_Test_Annotations"/>
  <testcase name="Inbox" time="0.003" classname="com.TestNG_Test.TestNG_Test_Annotations"/>
  <testcase name="LogIn" classname="com.TestNG_Test.TestNG_Test_Annotations">
    <skipped/>
  </testcase> <!-- LogIn -->
</testsuite> <!-- com.TestNG_Test.TestNG_Test_Annotations -->
