<?xml version="1.0" encoding="UTF-8"?>
<!-- Generated by org.testng.reporters.JUnitReportReporter -->
<testsuite skipped="0" hostname="LAPTOP-S9BHFJ1C" name="com.RadioButton.EchoEcho_RadioButton" tests="1" failures="0" timestamp="01 Aug 2019 08:17:39 GMT" time="4.578" errors="0">
  <testcase name="group1_RadioButtonTesting" time="4.578" classname="com.RadioButton.EchoEcho_RadioButton"/>
</testsuite> <!-- com.RadioButton.EchoEcho_RadioButton -->
