<?xml version="1.0" encoding="UTF-8"?>
<!-- Generated by org.testng.reporters.JUnitReportReporter -->
<testsuite skipped="1" hostname="LAPTOP-S9BHFJ1C" name="com.TestNG_Test.Annotations2" tests="3" failures="0" timestamp="29 Jul 2019 13:51:28 GMT" time="0.022" errors="0">
  <testcase name="Inbox" time="0.019" classname="com.TestNG_Test.Annotations2"/>
  <testcase name="Sentmail" time="0.003" classname="com.TestNG_Test.Annotations2"/>
  <testcase name="Composemail" classname="com.TestNG_Test.Annotations2">
    <skipped/>
  </testcase> <!-- Composemail -->
</testsuite> <!-- com.TestNG_Test.Annotations2 -->
