<?xml version="1.0" encoding="UTF-8"?>
<!-- Generated by org.testng.reporters.JUnitReportReporter -->
<testsuite skipped="1" hostname="LAPTOP-S9BHFJ1C" name="com.TestNG_Test.Annotations3" tests="3" failures="0" timestamp="26 Jul 2019 13:11:06 GMT" time="0.013" errors="0">
  <testcase name="Inbox" time="0.012" classname="com.TestNG_Test.Annotations3"/>
  <testcase name="Sentmail" time="0.001" classname="com.TestNG_Test.Annotations3"/>
  <testcase name="Composemail" classname="com.TestNG_Test.Annotations3">
    <skipped/>
  </testcase> <!-- Composemail -->
</testsuite> <!-- com.TestNG_Test.Annotations3 -->
